1: entering overlay main_loop
2: pre_update closure (first frame)
3: render closure entered
4: calling app.update
4a: update start
4b: invalidate_states
4c: resolve_mut ViewController
4d[0]: borrow_mut
4e[0]: update start
4f[0]: update done
4d[1]: borrow_mut
4e[1]: update start
ESP: start
ESP: got entities/resolve
ESP: got settings
4f[1]: update done
4d[2]: borrow_mut
4e[2]: update start
4f[2]: update done
4d[3]: borrow_mut
4e[3]: update start
4f[3]: update done
4d[4]: borrow_mut
4e[4]: update start
4f[4]: update done
4d[5]: borrow_mut
4e[5]: update start
4f[5]: update done
4d[6]: borrow_mut
4e[6]: update start
4f[6]: update done
4d[7]: borrow_mut
4e[7]: update start
4f[7]: update done
4d[8]: borrow_mut
4e[8]: update start
4f[8]: update done
